build/outputs/logs/manifest-merger-debug-report.txt
-- Merging decision tree log ---
manifest
ADDED from AwsExm\S3TransferUtilitySample\AndroidManifest.xml:1:1-43:12
INJECTED from AwsExm\S3TransferUtilitySample\AndroidManifest.xml:1:1-43:12
INJECTED from AwsExm\S3TransferUtilitySample\AndroidManifest.xml:1:1-43:12
INJECTED from AwsExm\S3TransferUtilitySample\AndroidManifest.xml:1:1-43:12
INJECTED from AwsExm\S3TransferUtilitySample\AndroidManifest.xml:1:1-43:12
	package
		ADDED from AwsExm\S3TransferUtilitySample\AndroidManifest.xml:2:5-51
	android:versionName
		ADDED from AwsExm\S3TransferUtilitySample\AndroidManifest.xml:4:5-30
		INJECTED from AwsExm\S3TransferUtilitySample\AndroidManifest.xml
		INJECTED from AwsExm\S3TransferUtilitySample\AndroidManifest.xml
	xmlns:android
		ADDED from AwsExm\S3TransferUtilitySample\AndroidManifest.xml:1:11-69
	android:versionCode
		ADDED from AwsExm\S3TransferUtilitySample\AndroidManifest.xml:3:5-28
		INJECTED from AwsExm\S3TransferUtilitySample\AndroidManifest.xml
		INJECTED from AwsExm\S3TransferUtilitySample\AndroidManifest.xml
uses-sdk
ADDED from AwsExm\S3TransferUtilitySample\AndroidManifest.xml:6:5-8:41
INJECTED from AwsExm\S3TransferUtilitySample\AndroidManifest.xml:6:5-8:41
INJECTED from AwsExm\S3TransferUtilitySample\AndroidManifest.xml:6:5-8:41
INJECTED from AwsExm\S3TransferUtilitySample\AndroidManifest.xml:6:5-8:41
INJECTED from AwsExm\S3TransferUtilitySample\AndroidManifest.xml:6:5-8:41
	android:targetSdkVersion
		ADDED from AwsExm\S3TransferUtilitySample\AndroidManifest.xml:8:9-38
		INJECTED from AwsExm\S3TransferUtilitySample\AndroidManifest.xml
		INJECTED from AwsExm\S3TransferUtilitySample\AndroidManifest.xml
	android:minSdkVersion
		ADDED from AwsExm\S3TransferUtilitySample\AndroidManifest.xml:7:9-35
		INJECTED from AwsExm\S3TransferUtilitySample\AndroidManifest.xml
		INJECTED from AwsExm\S3TransferUtilitySample\AndroidManifest.xml
uses-permission#android.permission.INTERNET
ADDED from AwsExm\S3TransferUtilitySample\AndroidManifest.xml:10:5-67
	android:name
		ADDED from AwsExm\S3TransferUtilitySample\AndroidManifest.xml:10:22-64
uses-permission#android.permission.ACCESS_NETWORK_STATE
ADDED from AwsExm\S3TransferUtilitySample\AndroidManifest.xml:11:5-79
	android:name
		ADDED from AwsExm\S3TransferUtilitySample\AndroidManifest.xml:11:22-76
uses-permission#android.permission.READ_EXTERNAL_STORAGE
ADDED from AwsExm\S3TransferUtilitySample\AndroidManifest.xml:14:5-80
	android:name
		ADDED from AwsExm\S3TransferUtilitySample\AndroidManifest.xml:14:22-77
uses-permission#android.permission.WRITE_EXTERNAL_STORAGE
ADDED from AwsExm\S3TransferUtilitySample\AndroidManifest.xml:15:5-81
	android:name
		ADDED from AwsExm\S3TransferUtilitySample\AndroidManifest.xml:15:22-78
application
ADDED from AwsExm\S3TransferUtilitySample\AndroidManifest.xml:17:5-41:19
	android:label
		ADDED from AwsExm\S3TransferUtilitySample\AndroidManifest.xml:20:9-41
	android:icon
		ADDED from AwsExm\S3TransferUtilitySample\AndroidManifest.xml:19:9-45
	android:allowBackup
		ADDED from AwsExm\S3TransferUtilitySample\AndroidManifest.xml:18:9-35
activity#com.amazonaws.demo.s3transferutility.MainActivity
ADDED from AwsExm\S3TransferUtilitySample\AndroidManifest.xml:21:9-27:20
	android:name
		ADDED from AwsExm\S3TransferUtilitySample\AndroidManifest.xml:21:19-83
intent-filter#android.intent.action.MAIN+android.intent.category.LAUNCHER
ADDED from AwsExm\S3TransferUtilitySample\AndroidManifest.xml:22:13-26:29
action#android.intent.action.MAIN
ADDED from AwsExm\S3TransferUtilitySample\AndroidManifest.xml:23:17-69
	android:name
		ADDED from AwsExm\S3TransferUtilitySample\AndroidManifest.xml:23:25-66
category#android.intent.category.LAUNCHER
ADDED from AwsExm\S3TransferUtilitySample\AndroidManifest.xml:25:17-77
	android:name
		ADDED from AwsExm\S3TransferUtilitySample\AndroidManifest.xml:25:27-74
activity#com.amazonaws.demo.s3transferutility.DownloadActivity
ADDED from AwsExm\S3TransferUtilitySample\AndroidManifest.xml:28:9-30:57
	android:label
		ADDED from AwsExm\S3TransferUtilitySample\AndroidManifest.xml:30:13-54
	android:name
		ADDED from AwsExm\S3TransferUtilitySample\AndroidManifest.xml:29:13-81
activity#com.amazonaws.demo.s3transferutility.UploadActivity
ADDED from AwsExm\S3TransferUtilitySample\AndroidManifest.xml:31:9-33:55
	android:label
		ADDED from AwsExm\S3TransferUtilitySample\AndroidManifest.xml:33:13-52
	android:name
		ADDED from AwsExm\S3TransferUtilitySample\AndroidManifest.xml:32:13-79
activity#com.amazonaws.demo.s3transferutility.DownloadSelectionActivity
ADDED from AwsExm\S3TransferUtilitySample\AndroidManifest.xml:34:9-36:67
	android:label
		ADDED from AwsExm\S3TransferUtilitySample\AndroidManifest.xml:36:13-64
	android:name
		ADDED from AwsExm\S3TransferUtilitySample\AndroidManifest.xml:35:13-90
service#com.amazonaws.mobileconnectors.s3.transferutility.TransferService
ADDED from AwsExm\S3TransferUtilitySample\AndroidManifest.xml:38:9-40:38
	android:enabled
		ADDED from AwsExm\S3TransferUtilitySample\AndroidManifest.xml:40:13-35
	android:name
		ADDED from AwsExm\S3TransferUtilitySample\AndroidManifest.xml:39:13-93